1641131363.097460 client started (4906): version 3.2a, socket /tmp/tmux-1000/default, protocol 8
1641131363.097497 on Linux 5.10.76-gentoo-r1-x86_64 #2 SMP Thu Dec 9 13:13:53 WIB 2021
1641131363.097503 using libevent 2.1.12-stable (poll); ncurses 6.3
1641131363.097527 flags are 0x10010000
1641131363.097531 socket is /tmp/tmux-1000/default
1641131363.097543 trying connect
1641131363.097621 add peer 0x559ace6a6340: 6 ((nil))
1641131363.097881 sending message 100 to peer 0x559ace6a6340 (4 bytes)
1641131363.097892 sending message 111 to peer 0x559ace6a6340 (8 bytes)
1641131363.097896 sending message 101 to peer 0x559ace6a6340 (14 bytes)
1641131363.097901 sending message 109 to peer 0x559ace6a6340 (4 bytes)
1641131363.097905 sending message 102 to peer 0x559ace6a6340 (11 bytes)
1641131363.097909 sending message 108 to peer 0x559ace6a6340 (22 bytes)
1641131363.097913 sending message 112 to peer 0x559ace6a6340 (70 bytes)
1641131363.097917 sending message 112 to peer 0x559ace6a6340 (5 bytes)
1641131363.097921 sending message 112 to peer 0x559ace6a6340 (5 bytes)
1641131363.097925 sending message 112 to peer 0x559ace6a6340 (6 bytes)
1641131363.097929 sending message 112 to peer 0x559ace6a6340 (6 bytes)
1641131363.097933 sending message 112 to peer 0x559ace6a6340 (11 bytes)
1641131363.097937 sending message 112 to peer 0x559ace6a6340 (10 bytes)
1641131363.097941 sending message 112 to peer 0x559ace6a6340 (13 bytes)
1641131363.097945 sending message 112 to peer 0x559ace6a6340 (13 bytes)
1641131363.097949 sending message 112 to peer 0x559ace6a6340 (18 bytes)
1641131363.097953 sending message 112 to peer 0x559ace6a6340 (11 bytes)
1641131363.097957 sending message 112 to peer 0x559ace6a6340 (10 bytes)
1641131363.097961 sending message 112 to peer 0x559ace6a6340 (15 bytes)
1641131363.097965 sending message 112 to peer 0x559ace6a6340 (21 bytes)
1641131363.097969 sending message 112 to peer 0x559ace6a6340 (13 bytes)
1641131363.097973 sending message 112 to peer 0x559ace6a6340 (7 bytes)
1641131363.097977 sending message 112 to peer 0x559ace6a6340 (13 bytes)
1641131363.097981 sending message 112 to peer 0x559ace6a6340 (7 bytes)
1641131363.097985 sending message 112 to peer 0x559ace6a6340 (13 bytes)
1641131363.097989 sending message 112 to peer 0x559ace6a6340 (9 bytes)
1641131363.097993 sending message 112 to peer 0x559ace6a6340 (21 bytes)
1641131363.097997 sending message 112 to peer 0x559ace6a6340 (13 bytes)
1641131363.098001 sending message 112 to peer 0x559ace6a6340 (8 bytes)
1641131363.098005 sending message 112 to peer 0x559ace6a6340 (12 bytes)
1641131363.098008 sending message 112 to peer 0x559ace6a6340 (13 bytes)
1641131363.098012 sending message 112 to peer 0x559ace6a6340 (9 bytes)
1641131363.098016 sending message 112 to peer 0x559ace6a6340 (9 bytes)
1641131363.098020 sending message 112 to peer 0x559ace6a6340 (12 bytes)
1641131363.098024 sending message 112 to peer 0x559ace6a6340 (8 bytes)
1641131363.098028 sending message 112 to peer 0x559ace6a6340 (8 bytes)
1641131363.098032 sending message 112 to peer 0x559ace6a6340 (7 bytes)
1641131363.098036 sending message 112 to peer 0x559ace6a6340 (7 bytes)
1641131363.098040 sending message 112 to peer 0x559ace6a6340 (9 bytes)
1641131363.098044 sending message 112 to peer 0x559ace6a6340 (13 bytes)
1641131363.098048 sending message 112 to peer 0x559ace6a6340 (6 bytes)
1641131363.098052 sending message 112 to peer 0x559ace6a6340 (9 bytes)
1641131363.098056 sending message 112 to peer 0x559ace6a6340 (15 bytes)
1641131363.098060 sending message 112 to peer 0x559ace6a6340 (13 bytes)
1641131363.098064 sending message 112 to peer 0x559ace6a6340 (12 bytes)
1641131363.098068 sending message 112 to peer 0x559ace6a6340 (8 bytes)
1641131363.098072 sending message 112 to peer 0x559ace6a6340 (14 bytes)
1641131363.098076 sending message 112 to peer 0x559ace6a6340 (11 bytes)
1641131363.098080 sending message 112 to peer 0x559ace6a6340 (9 bytes)
1641131363.098084 sending message 112 to peer 0x559ace6a6340 (10 bytes)
1641131363.098088 sending message 112 to peer 0x559ace6a6340 (10 bytes)
1641131363.098091 sending message 112 to peer 0x559ace6a6340 (10 bytes)
1641131363.098101 sending message 112 to peer 0x559ace6a6340 (10 bytes)
1641131363.098105 sending message 112 to peer 0x559ace6a6340 (11 bytes)
1641131363.098109 sending message 112 to peer 0x559ace6a6340 (12 bytes)
1641131363.098114 sending message 112 to peer 0x559ace6a6340 (12 bytes)
1641131363.098118 sending message 112 to peer 0x559ace6a6340 (12 bytes)
1641131363.098121 sending message 112 to peer 0x559ace6a6340 (12 bytes)
1641131363.098125 sending message 112 to peer 0x559ace6a6340 (12 bytes)
1641131363.098129 sending message 112 to peer 0x559ace6a6340 (11 bytes)
1641131363.098133 sending message 112 to peer 0x559ace6a6340 (11 bytes)
1641131363.098137 sending message 112 to peer 0x559ace6a6340 (12 bytes)
1641131363.098141 sending message 112 to peer 0x559ace6a6340 (12 bytes)
1641131363.098145 sending message 112 to peer 0x559ace6a6340 (12 bytes)
1641131363.098148 sending message 112 to peer 0x559ace6a6340 (12 bytes)
1641131363.098152 sending message 112 to peer 0x559ace6a6340 (12 bytes)
1641131363.098156 sending message 112 to peer 0x559ace6a6340 (10 bytes)
1641131363.098160 sending message 112 to peer 0x559ace6a6340 (12 bytes)
1641131363.098164 sending message 112 to peer 0x559ace6a6340 (13 bytes)
1641131363.098168 sending message 112 to peer 0x559ace6a6340 (13 bytes)
1641131363.098171 sending message 112 to peer 0x559ace6a6340 (13 bytes)
1641131363.098183 sending message 112 to peer 0x559ace6a6340 (13 bytes)
1641131363.098188 sending message 112 to peer 0x559ace6a6340 (13 bytes)
1641131363.098192 sending message 112 to peer 0x559ace6a6340 (8 bytes)
1641131363.098196 sending message 112 to peer 0x559ace6a6340 (11 bytes)
1641131363.098200 sending message 112 to peer 0x559ace6a6340 (11 bytes)
1641131363.098204 sending message 112 to peer 0x559ace6a6340 (11 bytes)
1641131363.098208 sending message 112 to peer 0x559ace6a6340 (12 bytes)
1641131363.098211 sending message 112 to peer 0x559ace6a6340 (12 bytes)
1641131363.098215 sending message 112 to peer 0x559ace6a6340 (12 bytes)
1641131363.098219 sending message 112 to peer 0x559ace6a6340 (12 bytes)
1641131363.098223 sending message 112 to peer 0x559ace6a6340 (13 bytes)
1641131363.098227 sending message 112 to peer 0x559ace6a6340 (13 bytes)
1641131363.098231 sending message 112 to peer 0x559ace6a6340 (13 bytes)
1641131363.098235 sending message 112 to peer 0x559ace6a6340 (8 bytes)
1641131363.098239 sending message 112 to peer 0x559ace6a6340 (13 bytes)
1641131363.098242 sending message 112 to peer 0x559ace6a6340 (13 bytes)
1641131363.098246 sending message 112 to peer 0x559ace6a6340 (13 bytes)
1641131363.098250 sending message 112 to peer 0x559ace6a6340 (13 bytes)
1641131363.098254 sending message 112 to peer 0x559ace6a6340 (13 bytes)
1641131363.098258 sending message 112 to peer 0x559ace6a6340 (12 bytes)
1641131363.098262 sending message 112 to peer 0x559ace6a6340 (12 bytes)
1641131363.098265 sending message 112 to peer 0x559ace6a6340 (12 bytes)
1641131363.098269 sending message 112 to peer 0x559ace6a6340 (12 bytes)
1641131363.098273 sending message 112 to peer 0x559ace6a6340 (13 bytes)
1641131363.098277 sending message 112 to peer 0x559ace6a6340 (8 bytes)
1641131363.098281 sending message 112 to peer 0x559ace6a6340 (13 bytes)
1641131363.098285 sending message 112 to peer 0x559ace6a6340 (13 bytes)
1641131363.098289 sending message 112 to peer 0x559ace6a6340 (13 bytes)
1641131363.098293 sending message 112 to peer 0x559ace6a6340 (13 bytes)
1641131363.098297 sending message 112 to peer 0x559ace6a6340 (13 bytes)
1641131363.098301 sending message 112 to peer 0x559ace6a6340 (13 bytes)
1641131363.098304 sending message 112 to peer 0x559ace6a6340 (13 bytes)
1641131363.098308 sending message 112 to peer 0x559ace6a6340 (12 bytes)
1641131363.098312 sending message 112 to peer 0x559ace6a6340 (12 bytes)
1641131363.098316 sending message 112 to peer 0x559ace6a6340 (12 bytes)
1641131363.098320 sending message 112 to peer 0x559ace6a6340 (8 bytes)
1641131363.098324 sending message 112 to peer 0x559ace6a6340 (12 bytes)
1641131363.098328 sending message 112 to peer 0x559ace6a6340 (13 bytes)
1641131363.098335 sending message 112 to peer 0x559ace6a6340 (13 bytes)
1641131363.098340 sending message 112 to peer 0x559ace6a6340 (13 bytes)
1641131363.098344 sending message 112 to peer 0x559ace6a6340 (13 bytes)
1641131363.098347 sending message 112 to peer 0x559ace6a6340 (13 bytes)
1641131363.098351 sending message 112 to peer 0x559ace6a6340 (13 bytes)
1641131363.098355 sending message 112 to peer 0x559ace6a6340 (13 bytes)
1641131363.098359 sending message 112 to peer 0x559ace6a6340 (13 bytes)
1641131363.098363 sending message 112 to peer 0x559ace6a6340 (12 bytes)
1641131363.098367 sending message 112 to peer 0x559ace6a6340 (10 bytes)
1641131363.098371 sending message 112 to peer 0x559ace6a6340 (12 bytes)
1641131363.098375 sending message 112 to peer 0x559ace6a6340 (12 bytes)
1641131363.098379 sending message 112 to peer 0x559ace6a6340 (12 bytes)
1641131363.098383 sending message 112 to peer 0x559ace6a6340 (13 bytes)
1641131363.098387 sending message 112 to peer 0x559ace6a6340 (13 bytes)
1641131363.098391 sending message 112 to peer 0x559ace6a6340 (13 bytes)
1641131363.098395 sending message 112 to peer 0x559ace6a6340 (13 bytes)
1641131363.098399 sending message 112 to peer 0x559ace6a6340 (13 bytes)
1641131363.098402 sending message 112 to peer 0x559ace6a6340 (13 bytes)
1641131363.098406 sending message 112 to peer 0x559ace6a6340 (13 bytes)
1641131363.098410 sending message 112 to peer 0x559ace6a6340 (10 bytes)
1641131363.098414 sending message 112 to peer 0x559ace6a6340 (13 bytes)
1641131363.098418 sending message 112 to peer 0x559ace6a6340 (12 bytes)
1641131363.098422 sending message 112 to peer 0x559ace6a6340 (12 bytes)
1641131363.098426 sending message 112 to peer 0x559ace6a6340 (12 bytes)
1641131363.098430 sending message 112 to peer 0x559ace6a6340 (10 bytes)
1641131363.098434 sending message 112 to peer 0x559ace6a6340 (10 bytes)
1641131363.098438 sending message 112 to peer 0x559ace6a6340 (10 bytes)
1641131363.098442 sending message 112 to peer 0x559ace6a6340 (12 bytes)
1641131363.098446 sending message 112 to peer 0x559ace6a6340 (13 bytes)
1641131363.098450 sending message 112 to peer 0x559ace6a6340 (13 bytes)
1641131363.098454 sending message 112 to peer 0x559ace6a6340 (13 bytes)
1641131363.098458 sending message 112 to peer 0x559ace6a6340 (13 bytes)
1641131363.098462 sending message 112 to peer 0x559ace6a6340 (13 bytes)
1641131363.098465 sending message 112 to peer 0x559ace6a6340 (11 bytes)
1641131363.098469 sending message 112 to peer 0x559ace6a6340 (11 bytes)
1641131363.098473 sending message 112 to peer 0x559ace6a6340 (12 bytes)
1641131363.098477 sending message 112 to peer 0x559ace6a6340 (12 bytes)
1641131363.098481 sending message 112 to peer 0x559ace6a6340 (12 bytes)
1641131363.098485 sending message 112 to peer 0x559ace6a6340 (12 bytes)
1641131363.098489 sending message 112 to peer 0x559ace6a6340 (12 bytes)
1641131363.098493 sending message 112 to peer 0x559ace6a6340 (11 bytes)
1641131363.098497 sending message 112 to peer 0x559ace6a6340 (12 bytes)
1641131363.098501 sending message 112 to peer 0x559ace6a6340 (12 bytes)
1641131363.098505 sending message 112 to peer 0x559ace6a6340 (13 bytes)
1641131363.098509 sending message 112 to peer 0x559ace6a6340 (13 bytes)
1641131363.098512 sending message 112 to peer 0x559ace6a6340 (13 bytes)
1641131363.098516 sending message 112 to peer 0x559ace6a6340 (13 bytes)
1641131363.098520 sending message 112 to peer 0x559ace6a6340 (13 bytes)
1641131363.098524 sending message 112 to peer 0x559ace6a6340 (10 bytes)
1641131363.098528 sending message 112 to peer 0x559ace6a6340 (9 bytes)
1641131363.098532 sending message 112 to peer 0x559ace6a6340 (12 bytes)
1641131363.098536 sending message 112 to peer 0x559ace6a6340 (13 bytes)
1641131363.098540 sending message 112 to peer 0x559ace6a6340 (13 bytes)
1641131363.098544 sending message 112 to peer 0x559ace6a6340 (13 bytes)
1641131363.098548 sending message 112 to peer 0x559ace6a6340 (13 bytes)
1641131363.098552 sending message 112 to peer 0x559ace6a6340 (13 bytes)
1641131363.098555 sending message 112 to peer 0x559ace6a6340 (9 bytes)
1641131363.098564 sending message 112 to peer 0x559ace6a6340 (12 bytes)
1641131363.098568 sending message 112 to peer 0x559ace6a6340 (13 bytes)
1641131363.098572 sending message 112 to peer 0x559ace6a6340 (13 bytes)
1641131363.098576 sending message 112 to peer 0x559ace6a6340 (13 bytes)
1641131363.098580 sending message 112 to peer 0x559ace6a6340 (13 bytes)
1641131363.098584 sending message 112 to peer 0x559ace6a6340 (13 bytes)
1641131363.098588 sending message 112 to peer 0x559ace6a6340 (11 bytes)
1641131363.098592 sending message 112 to peer 0x559ace6a6340 (12 bytes)
1641131363.098596 sending message 112 to peer 0x559ace6a6340 (13 bytes)
1641131363.098600 sending message 112 to peer 0x559ace6a6340 (13 bytes)
1641131363.098604 sending message 112 to peer 0x559ace6a6340 (13 bytes)
1641131363.098607 sending message 112 to peer 0x559ace6a6340 (13 bytes)
1641131363.098611 sending message 112 to peer 0x559ace6a6340 (13 bytes)
1641131363.098615 sending message 112 to peer 0x559ace6a6340 (11 bytes)
1641131363.098619 sending message 112 to peer 0x559ace6a6340 (12 bytes)
1641131363.098623 sending message 112 to peer 0x559ace6a6340 (12 bytes)
1641131363.098627 sending message 112 to peer 0x559ace6a6340 (12 bytes)
1641131363.098631 sending message 112 to peer 0x559ace6a6340 (12 bytes)
1641131363.098635 sending message 112 to peer 0x559ace6a6340 (12 bytes)
1641131363.098639 sending message 112 to peer 0x559ace6a6340 (21 bytes)
1641131363.098643 sending message 112 to peer 0x559ace6a6340 (12 bytes)
1641131363.098647 sending message 112 to peer 0x559ace6a6340 (9 bytes)
1641131363.098651 sending message 112 to peer 0x559ace6a6340 (6 bytes)
1641131363.098654 sending message 112 to peer 0x559ace6a6340 (8 bytes)
1641131363.098658 sending message 112 to peer 0x559ace6a6340 (15 bytes)
1641131363.098669 sending message 112 to peer 0x559ace6a6340 (13 bytes)
1641131363.098687 sending message 112 to peer 0x559ace6a6340 (9 bytes)
1641131363.098694 sending message 112 to peer 0x559ace6a6340 (70 bytes)
1641131363.098705 sending message 112 to peer 0x559ace6a6340 (69 bytes)
1641131363.098712 sending message 112 to peer 0x559ace6a6340 (10 bytes)
1641131363.098729 sending message 112 to peer 0x559ace6a6340 (10 bytes)
1641131363.098735 sending message 112 to peer 0x559ace6a6340 (8 bytes)
1641131363.098740 sending message 112 to peer 0x559ace6a6340 (15 bytes)
1641131363.098744 sending message 112 to peer 0x559ace6a6340 (13 bytes)
1641131363.098748 sending message 112 to peer 0x559ace6a6340 (10 bytes)
1641131363.098765 sending message 112 to peer 0x559ace6a6340 (10 bytes)
1641131363.098771 sending message 112 to peer 0x559ace6a6340 (17 bytes)
1641131363.098777 sending message 112 to peer 0x559ace6a6340 (10 bytes)
1641131363.098783 sending message 112 to peer 0x559ace6a6340 (13 bytes)
1641131363.098789 sending message 112 to peer 0x559ace6a6340 (9 bytes)
1641131363.098795 sending message 112 to peer 0x559ace6a6340 (5 bytes)
1641131363.098801 sending message 112 to peer 0x559ace6a6340 (15 bytes)
1641131363.098810 sending message 104 to peer 0x559ace6a6340 (0 bytes)
1641131363.098817 sending message 110 to peer 0x559ace6a6340 (0 bytes)
1641131363.098823 sending message 107 to peer 0x559ace6a6340 (4 bytes)
1641131363.098829 sending message 105 to peer 0x559ace6a6340 (38 bytes)
1641131363.098835 sending message 105 to peer 0x559ace6a6340 (20 bytes)
1641131363.098841 sending message 105 to peer 0x559ace6a6340 (46 bytes)
1641131363.098847 sending message 105 to peer 0x559ace6a6340 (137 bytes)
1641131363.098853 sending message 105 to peer 0x559ace6a6340 (11 bytes)
1641131363.098859 sending message 105 to peer 0x559ace6a6340 (12 bytes)
1641131363.098865 sending message 105 to peer 0x559ace6a6340 (11 bytes)
1641131363.098870 sending message 105 to peer 0x559ace6a6340 (14 bytes)
1641131363.098876 sending message 105 to peer 0x559ace6a6340 (16 bytes)
1641131363.098882 sending message 105 to peer 0x559ace6a6340 (135 bytes)
1641131363.098888 sending message 105 to peer 0x559ace6a6340 (13 bytes)
1641131363.098893 sending message 105 to peer 0x559ace6a6340 (16 bytes)
1641131363.098905 sending message 105 to peer 0x559ace6a6340 (18 bytes)
1641131363.098912 sending message 105 to peer 0x559ace6a6340 (21 bytes)
1641131363.098918 sending message 105 to peer 0x559ace6a6340 (22 bytes)
1641131363.098924 sending message 105 to peer 0x559ace6a6340 (11 bytes)
1641131363.098929 sending message 105 to peer 0x559ace6a6340 (18 bytes)
1641131363.098935 sending message 105 to peer 0x559ace6a6340 (18 bytes)
1641131363.098941 sending message 105 to peer 0x559ace6a6340 (197 bytes)
1641131363.098947 sending message 105 to peer 0x559ace6a6340 (15 bytes)
1641131363.098953 sending message 105 to peer 0x559ace6a6340 (75 bytes)
1641131363.098964 sending message 105 to peer 0x559ace6a6340 (16 bytes)
1641131363.098973 sending message 105 to peer 0x559ace6a6340 (11 bytes)
1641131363.098979 sending message 105 to peer 0x559ace6a6340 (106 bytes)
1641131363.098985 sending message 105 to peer 0x559ace6a6340 (26 bytes)
1641131363.098991 sending message 105 to peer 0x559ace6a6340 (15 bytes)
1641131363.098997 sending message 105 to peer 0x559ace6a6340 (8 bytes)
1641131363.099003 sending message 105 to peer 0x559ace6a6340 (54 bytes)
1641131363.099009 sending message 105 to peer 0x559ace6a6340 (38 bytes)
1641131363.099015 sending message 105 to peer 0x559ace6a6340 (19 bytes)
1641131363.099020 sending message 105 to peer 0x559ace6a6340 (19 bytes)
1641131363.099026 sending message 105 to peer 0x559ace6a6340 (18 bytes)
1641131363.099032 sending message 105 to peer 0x559ace6a6340 (26 bytes)
1641131363.099038 sending message 105 to peer 0x559ace6a6340 (35 bytes)
1641131363.099044 sending message 105 to peer 0x559ace6a6340 (13 bytes)
1641131363.099050 sending message 105 to peer 0x559ace6a6340 (8 bytes)
1641131363.099056 sending message 105 to peer 0x559ace6a6340 (18 bytes)
1641131363.099062 sending message 105 to peer 0x559ace6a6340 (13 bytes)
1641131363.099068 sending message 105 to peer 0x559ace6a6340 (32 bytes)
1641131363.099074 sending message 105 to peer 0x559ace6a6340 (25 bytes)
1641131363.099080 sending message 105 to peer 0x559ace6a6340 (42 bytes)
1641131363.099086 sending message 105 to peer 0x559ace6a6340 (31 bytes)
1641131363.099092 sending message 105 to peer 0x559ace6a6340 (15 bytes)
1641131363.099098 sending message 105 to peer 0x559ace6a6340 (23 bytes)
1641131363.099103 sending message 105 to peer 0x559ace6a6340 (17 bytes)
1641131363.099109 sending message 105 to peer 0x559ace6a6340 (21 bytes)
1641131363.099115 sending message 105 to peer 0x559ace6a6340 (11 bytes)
1641131363.099122 sending message 105 to peer 0x559ace6a6340 (29 bytes)
1641131363.099128 sending message 105 to peer 0x559ace6a6340 (16 bytes)
1641131363.099134 sending message 105 to peer 0x559ace6a6340 (33 bytes)
1641131363.099140 sending message 105 to peer 0x559ace6a6340 (12 bytes)
1641131363.099146 sending message 106 to peer 0x559ace6a6340 (0 bytes)
1641131363.099156 sending message 200 to peer 0x559ace6a6340 (4 bytes)
1641131363.099162 client loop enter
1641131363.100042 peer 0x559ace6a6340 message 303
1641131363.100057 open write file 2 -
1641131363.100077 sending message 305 to peer 0x559ace6a6340 (8 bytes)
1641131363.100092 write check file 2
1641131363.100395 peer 0x559ace6a6340 message 304
1641131363.100409 write 58 to file 2
1641131363.100420 peer 0x559ace6a6340 message 203
1641131363.100427 file 2 58 bytes left
1641131363.100454 write check file 2
1641131363.100460 client loop exit
